<?xml version="1.0" encoding="UTF-8"?>
<testsuite xmlns:xsi="http://www.w3.org/2001/XMLSchema-instance" xsi:noNamespaceSchemaLocation="https://maven.apache.org/surefire/maven-surefire-plugin/xsd/surefire-test-report-3.0.xsd" version="3.0" name="com.mongodb.lyric_semantic_search.LyricSemanticSearchApplicationTests" time="3.288" tests="1" errors="0" skipped="0" failures="0">
  <properties>
[...]
</properties>
  <testcase name="contextLoads" classname="com.mongodb.lyric_semantic_search.LyricSemanticSearchApplicationTests" time="0.465">
    <system-out><![CDATA[13:24:44.858 [main] INFO org.springframework.test.context.support.AnnotationConfigContextLoaderUtils -- Could not detect default configuration classes for test class [com.mongodb.lyric_semantic_search.LyricSemanticSearchApplicationTests]: LyricSemanticSearchApplicationTests does not declare any static, non-private, non-final, nested classes annotated with @Configuration.
13:24:44.910 [main] INFO org.springframework.boot.test.context.SpringBootTestContextBootstrapper -- Found @SpringBootConfiguration com.mongodb.lyric_semantic_search.LyricSemanticSearchApplication for test class com.mongodb.lyric_semantic_search.LyricSemanticSearchApplicationTests

  .   ____          _            __ _ _
 /\\ / ___'_ __ _ _(_)_ __  __ _ \ \ \ \
( ( )\___ | '_ | '_| | '_ \/ _` | \ \ \ \
 \\/  ___)| |_)| | | | | || (_| |  ) ) ) )
  '  |____| .__|_| |_|_| |_\__, | / / / /
 =========|_|==============|___/=/_/_/_/

 :: Spring Boot ::                (v3.3.2)

2024-08-08T13:24:45.103+01:00  WARN 28342 --- [lyric-semantic-search] [           main] ory$DuplicateJsonObjectContextCustomizer : 

Found multiple occurrences of org.json.JSONObject on the class path:

	jar:file:/Users/tim.kelly/.m2/repository/org/json/json/20240303/json-20240303.jar!/org/json/JSONObject.class
	jar:file:/Users/tim.kelly/.m2/repository/com/vaadin/external/google/android-json/0.0.20131108.vaadin1/android-json-0.0.20131108.vaadin1.jar!/org/json/JSONObject.class

You may wish to exclude one of them to ensure predictable runtime behavior

2024-08-08T13:24:45.116+01:00  INFO 28342 --- [lyric-semantic-search] [           main] .m.l.LyricSemanticSearchApplicationTests : Starting LyricSemanticSearchApplicationTests using Java 22 with PID 28342 (started by tim.kelly in /Users/tim.kelly/Documents/JavaProjects/lyric-semantic-search)
2024-08-08T13:24:45.116+01:00  INFO 28342 --- [lyric-semantic-search] [           main] .m.l.LyricSemanticSearchApplicationTests : No active profile set, falling back to 1 default profile: "default"
2024-08-08T13:24:45.522+01:00  INFO 28342 --- [lyric-semantic-search] [           main] .s.d.r.c.RepositoryConfigurationDelegate : Bootstrapping Spring Data MongoDB repositories in DEFAULT mode.
2024-08-08T13:24:45.532+01:00  INFO 28342 --- [lyric-semantic-search] [           main] .s.d.r.c.RepositoryConfigurationDelegate : Finished Spring Data repository scanning in 8 ms. Found 0 MongoDB repository interfaces.
2024-08-08T13:24:45.627+01:00  WARN 28342 --- [lyric-semantic-search] [           main] trationDelegate$BeanPostProcessorChecker : Bean 'org.springframework.ai.autoconfigure.vectorstore.mongo.MongoDBAtlasVectorStoreAutoConfiguration' of type [org.springframework.ai.autoconfigure.vectorstore.mongo.MongoDBAtlasVectorStoreAutoConfiguration] is not eligible for getting processed by all BeanPostProcessors (for example: not eligible for auto-proxying). The currently created BeanPostProcessor [mongoCustomConversionsPostProcessor] is declared through a non-static factory method on that class; consider declaring it as static instead.
2024-08-08T13:24:45.775+01:00  INFO 28342 --- [lyric-semantic-search] [           main] org.mongodb.driver.client                : MongoClient with metadata {"application": {"name": "Cluster1"}, "driver": {"name": "mongo-java-driver|sync|spring-boot", "version": "5.0.1"}, "os": {"type": "Darwin", "name": "Mac OS X", "architecture": "aarch64", "version": "14.5"}, "platform": "Java/Oracle Corporation/22+36-2370"} created with settings MongoClientSettings{readPreference=primary, writeConcern=WriteConcern{w=majority, wTimeout=null ms, journal=null}, retryWrites=true, retryReads=true, readConcern=ReadConcern{level=null}, credential=MongoCredential{mechanism=null, userName='timkelly', source='admin', password=<hidden>, mechanismProperties=<hidden>}, transportSettings=null, commandListeners=[], codecRegistry=ProvidersCodecRegistry{codecProviders=[ValueCodecProvider{}, BsonValueCodecProvider{}, DBRefCodecProvider{}, DBObjectCodecProvider{}, DocumentCodecProvider{}, CollectionCodecProvider{}, IterableCodecProvider{}, MapCodecProvider{}, GeoJsonCodecProvider{}, GridFSFileCodecProvider{}, Jsr310CodecProvider{}, JsonObjectCodecProvider{}, BsonCodecProvider{}, EnumCodecProvider{}, com.mongodb.client.model.mql.ExpressionCodecProvider@2ce03e86, com.mongodb.Jep395RecordCodecProvider@1c628f6a, com.mongodb.KotlinCodecProvider@9b47400]}, loggerSettings=LoggerSettings{maxDocumentLength=1000}, clusterSettings={hosts=[127.0.0.1:27017], srvHost=cluster1.gdy5a.mongodb.net, srvServiceName=mongodb, mode=MULTIPLE, requiredClusterType=REPLICA_SET, requiredReplicaSetName='atlas-wvb17m-shard-0', serverSelector='null', clusterListeners='[]', serverSelectionTimeout='30000 ms', localThreshold='15 ms'}, socketSettings=SocketSettings{connectTimeoutMS=10000, readTimeoutMS=0, receiveBufferSize=0, proxySettings=ProxySettings{host=null, port=null, username=null, password=null}}, heartbeatSocketSettings=SocketSettings{connectTimeoutMS=10000, readTimeoutMS=10000, receiveBufferSize=0, proxySettings=ProxySettings{host=null, port=null, username=null, password=null}}, connectionPoolSettings=ConnectionPoolSettings{maxSize=100, minSize=0, maxWaitTimeMS=120000, maxConnectionLifeTimeMS=0, maxConnectionIdleTimeMS=0, maintenanceInitialDelayMS=0, maintenanceFrequencyMS=60000, connectionPoolListeners=[], maxConnecting=2}, serverSettings=ServerSettings{heartbeatFrequencyMS=10000, minHeartbeatFrequencyMS=500, serverListeners='[]', serverMonitorListeners='[]'}, sslSettings=SslSettings{enabled=true, invalidHostNameAllowed=false, context=null}, applicationName='Cluster1', compressorList=[], uuidRepresentation=JAVA_LEGACY, serverApi=null, autoEncryptionSettings=null, dnsClient=null, inetAddressResolver=null, contextProvider=null}
2024-08-08T13:24:45.828+01:00  INFO 28342 --- [lyric-semantic-search] [y5a.mongodb.net] org.mongodb.driver.cluster               : Adding discovered server cluster1-shard-00-02.gdy5a.mongodb.net:27017 to client view of cluster
2024-08-08T13:24:45.844+01:00  INFO 28342 --- [lyric-semantic-search] [y5a.mongodb.net] org.mongodb.driver.cluster               : Adding discovered server cluster1-shard-00-01.gdy5a.mongodb.net:27017 to client view of cluster
2024-08-08T13:24:45.846+01:00  INFO 28342 --- [lyric-semantic-search] [y5a.mongodb.net] org.mongodb.driver.cluster               : Adding discovered server cluster1-shard-00-00.gdy5a.mongodb.net:27017 to client view of cluster
2024-08-08T13:24:46.011+01:00  INFO 28342 --- [lyric-semantic-search] [           main] org.mongodb.driver.cluster               : Waiting for server to become available for operation with ID 1. Remaining time: 30000 ms. Selector: ReadPreferenceServerSelector{readPreference=primary}, topology description: {type=REPLICA_SET, servers=[{address=cluster1-shard-00-02.gdy5a.mongodb.net:27017, type=UNKNOWN, state=CONNECTING}, {address=cluster1-shard-00-01.gdy5a.mongodb.net:27017, type=UNKNOWN, state=CONNECTING}, {address=cluster1-shard-00-00.gdy5a.mongodb.net:27017, type=UNKNOWN, state=CONNECTING}].
2024-08-08T13:24:46.295+01:00  INFO 28342 --- [lyric-semantic-search] [ngodb.net:27017] org.mongodb.driver.cluster               : Monitor thread successfully connected to server with description ServerDescription{address=cluster1-shard-00-01.gdy5a.mongodb.net:27017, type=REPLICA_SET_SECONDARY, state=CONNECTED, ok=true, minWireVersion=0, maxWireVersion=21, maxDocumentSize=16777216, logicalSessionTimeoutMinutes=30, roundTripTimeNanos=247274833, setName='atlas-wvb17m-shard-0', canonicalAddress=cluster1-shard-00-01.gdy5a.mongodb.net:27017, hosts=[cluster1-shard-00-02.gdy5a.mongodb.net:27017, cluster1-shard-00-00.gdy5a.mongodb.net:27017, cluster1-shard-00-01.gdy5a.mongodb.net:27017], passives=[], arbiters=[], primary='cluster1-shard-00-02.gdy5a.mongodb.net:27017', tagSet=TagSet{[Tag{name='availabilityZone', value='2'}, Tag{name='diskState', value='READY'}, Tag{name='nodeType', value='ELECTABLE'}, Tag{name='provider', value='AZURE'}, Tag{name='region', value='EUROPE_NORTH'}, Tag{name='workloadType', value='OPERATIONAL'}]}, electionId=null, setVersion=1, topologyVersion=TopologyVersion{processId=66b34d3d996a2764ba0b8cf3, counter=5}, lastWriteDate=Thu Aug 08 13:24:45 IST 2024, lastUpdateTimeNanos=327290835553958}
2024-08-08T13:24:46.295+01:00  INFO 28342 --- [lyric-semantic-search] [ngodb.net:27017] org.mongodb.driver.cluster               : Monitor thread successfully connected to server with description ServerDescription{address=cluster1-shard-00-00.gdy5a.mongodb.net:27017, type=REPLICA_SET_SECONDARY, state=CONNECTED, ok=true, minWireVersion=0, maxWireVersion=21, maxDocumentSize=16777216, logicalSessionTimeoutMinutes=30, roundTripTimeNanos=249042916, setName='atlas-wvb17m-shard-0', canonicalAddress=cluster1-shard-00-00.gdy5a.mongodb.net:27017, hosts=[cluster1-shard-00-02.gdy5a.mongodb.net:27017, cluster1-shard-00-00.gdy5a.mongodb.net:27017, cluster1-shard-00-01.gdy5a.mongodb.net:27017], passives=[], arbiters=[], primary='cluster1-shard-00-02.gdy5a.mongodb.net:27017', tagSet=TagSet{[Tag{name='availabilityZone', value='1'}, Tag{name='diskState', value='READY'}, Tag{name='nodeType', value='ELECTABLE'}, Tag{name='provider', value='AZURE'}, Tag{name='region', value='EUROPE_NORTH'}, Tag{name='workloadType', value='OPERATIONAL'}]}, electionId=null, setVersion=1, topologyVersion=TopologyVersion{processId=66b34d24ee59154135e4432c, counter=8}, lastWriteDate=Thu Aug 08 13:24:45 IST 2024, lastUpdateTimeNanos=327290836754833}
2024-08-08T13:24:46.295+01:00  INFO 28342 --- [lyric-semantic-search] [ngodb.net:27017] org.mongodb.driver.cluster               : Monitor thread successfully connected to server with description ServerDescription{address=cluster1-shard-00-02.gdy5a.mongodb.net:27017, type=REPLICA_SET_PRIMARY, state=CONNECTED, ok=true, minWireVersion=0, maxWireVersion=21, maxDocumentSize=16777216, logicalSessionTimeoutMinutes=30, roundTripTimeNanos=249868458, setName='atlas-wvb17m-shard-0', canonicalAddress=cluster1-shard-00-02.gdy5a.mongodb.net:27017, hosts=[cluster1-shard-00-02.gdy5a.mongodb.net:27017, cluster1-shard-00-00.gdy5a.mongodb.net:27017, cluster1-shard-00-01.gdy5a.mongodb.net:27017], passives=[], arbiters=[], primary='cluster1-shard-00-02.gdy5a.mongodb.net:27017', tagSet=TagSet{[Tag{name='availabilityZone', value='3'}, Tag{name='diskState', value='READY'}, Tag{name='nodeType', value='ELECTABLE'}, Tag{name='provider', value='AZURE'}, Tag{name='region', value='EUROPE_NORTH'}, Tag{name='workloadType', value='OPERATIONAL'}]}, electionId=7fffffff0000000000000002, setVersion=1, topologyVersion=TopologyVersion{processId=66b34d26091c5afd7d012a7a, counter=7}, lastWriteDate=Thu Aug 08 13:24:45 IST 2024, lastUpdateTimeNanos=327290838138875}
2024-08-08T13:24:46.297+01:00  INFO 28342 --- [lyric-semantic-search] [ngodb.net:27017] org.mongodb.driver.cluster               : Discovered replica set primary cluster1-shard-00-02.gdy5a.mongodb.net:27017 with max election id 7fffffff0000000000000002 and max set version 1
2024-08-08T13:24:47.574+01:00  INFO 28342 --- [lyric-semantic-search] [           main] .m.l.LyricSemanticSearchApplicationTests : Started LyricSemanticSearchApplicationTests in 2.598 seconds (process running for 3.055)
]]></system-out>
    <system-err><![CDATA[WARNING: A Java agent has been loaded dynamically (/Users/tim.kelly/.m2/repository/net/bytebuddy/byte-buddy-agent/1.14.18/byte-buddy-agent-1.14.18.jar)
WARNING: If a serviceability tool is in use, please run with -XX:+EnableDynamicAgentLoading to hide this warning
WARNING: If a serviceability tool is not in use, please run with -Djdk.instrument.traceUsage for more information
WARNING: Dynamic loading of agents will be disallowed by default in a future release
]]></system-err>
  </testcase>
</testsuite>